<?xml version="1.0" encoding="UTF-8"?>
<!-- Generated by org.testng.reporters.JUnitReportReporter -->
<testsuite hostname="DESKTOP-1EIV60U" failures="0" tests="1" name="testCase.TestPage" time="23.972" errors="0" timestamp="2022-12-27T13:07:07 IST" skipped="0">
  <testcase classname="testCase.TestPage" name="menusLink" time="23.972"/>
  <system-out/>
</testsuite> <!-- testCase.TestPage -->
