<?xml version="1.0" encoding="UTF-8"?>
<!-- Generated by org.testng.reporters.JUnitReportReporter -->
<testsuite hostname="DESKTOP-1EIV60U" failures="0" tests="1" name="testCase.TestPage" time="40.071" errors="0" timestamp="2023-01-25T14:42:25 IST" skipped="0">
  <testcase classname="testCase.TestPage" name="menusLink" time="40.071"/>
  <system-out/>
</testsuite> <!-- testCase.TestPage -->
